2020-04-16 12:28:28,795 INFO o.a.j.u.JMeterUtils: Setting Locale to en_EN
2020-04-16 12:28:28,817 INFO o.a.j.JMeter: Loading user properties from: C:\Users\2000364\Documents\apache-jmeter-5.2.1\bin\user.properties
2020-04-16 12:28:28,818 INFO o.a.j.JMeter: Loading system properties from: C:\Users\2000364\Documents\apache-jmeter-5.2.1\bin\system.properties
2020-04-16 12:28:28,820 INFO o.a.j.JMeter: Copyright (c) 1998-2019 The Apache Software Foundation
2020-04-16 12:28:28,820 INFO o.a.j.JMeter: Version 5.2.1
2020-04-16 12:28:28,821 INFO o.a.j.JMeter: java.version=1.8.0_241
2020-04-16 12:28:28,821 INFO o.a.j.JMeter: java.vm.name=Java HotSpot(TM) 64-Bit Server VM
2020-04-16 12:28:28,821 INFO o.a.j.JMeter: os.name=Windows 10
2020-04-16 12:28:28,821 INFO o.a.j.JMeter: os.arch=amd64
2020-04-16 12:28:28,821 INFO o.a.j.JMeter: os.version=10.0
2020-04-16 12:28:28,821 INFO o.a.j.JMeter: file.encoding=Cp1252
2020-04-16 12:28:28,821 INFO o.a.j.JMeter: java.awt.headless=null
2020-04-16 12:28:28,821 INFO o.a.j.JMeter: Max memory     =1073741824
2020-04-16 12:28:28,821 INFO o.a.j.JMeter: Available Processors =8
2020-04-16 12:28:28,827 INFO o.a.j.JMeter: Default Locale=English (EN)
2020-04-16 12:28:28,827 INFO o.a.j.JMeter: JMeter  Locale=English (EN)
2020-04-16 12:28:28,827 INFO o.a.j.JMeter: JMeterHome=C:\Users\2000364\Documents\apache-jmeter-5.2.1
2020-04-16 12:28:28,827 INFO o.a.j.JMeter: user.dir  =C:\Users\2000364\Documents\r4j-demo\spring-petclinic
2020-04-16 12:28:28,828 INFO o.a.j.JMeter: PWD       =C:\Users\2000364\Documents\r4j-demo\spring-petclinic
2020-04-16 12:28:28,829 INFO o.a.j.JMeter: IP: 192.168.1.8 Name: LTUS116581 FullName: LTUS116581.cts.com
2020-04-16 12:28:29,200 INFO o.a.j.g.a.LookAndFeelCommand: Installing Darcula LAF
2020-04-16 12:28:29,233 INFO o.a.j.g.a.LookAndFeelCommand: Using look and feel: com.bulenkov.darcula.DarculaLaf [Darcula]
2020-04-16 12:28:29,233 INFO o.a.j.JMeter: Setting LAF to: com.bulenkov.darcula.DarculaLaf
2020-04-16 12:28:29,331 INFO o.a.j.JMeter: Loaded icon properties from org/apache/jmeter/images/icon.properties
2020-04-16 12:28:31,194 INFO o.a.j.p.h.s.HTTPSamplerBase: Parser for text/html is org.apache.jmeter.protocol.http.parser.LagartoBasedHtmlParser
2020-04-16 12:28:31,194 INFO o.a.j.p.h.s.HTTPSamplerBase: Parser for application/xhtml+xml is org.apache.jmeter.protocol.http.parser.LagartoBasedHtmlParser
2020-04-16 12:28:31,196 INFO o.a.j.p.h.s.HTTPSamplerBase: Parser for application/xml is org.apache.jmeter.protocol.http.parser.LagartoBasedHtmlParser
2020-04-16 12:28:31,196 INFO o.a.j.p.h.s.HTTPSamplerBase: Parser for text/xml is org.apache.jmeter.protocol.http.parser.LagartoBasedHtmlParser
2020-04-16 12:28:31,196 INFO o.a.j.p.h.s.HTTPSamplerBase: Parser for text/vnd.wap.wml is org.apache.jmeter.protocol.http.parser.RegexpHTMLParser
2020-04-16 12:28:31,196 INFO o.a.j.p.h.s.HTTPSamplerBase: Parser for text/css is org.apache.jmeter.protocol.http.parser.CssParser
2020-04-16 12:28:31,828 INFO o.a.j.e.KeyToolUtils: keytool found at 'keytool'
2020-04-16 12:28:31,828 INFO o.a.j.p.h.p.ProxyControl: HTTP(S) Test Script Recorder SSL Proxy will use keys that support embedded 3rd party resources in file C:\Users\2000364\Documents\apache-jmeter-5.2.1\bin\proxyserver.jks
2020-04-16 12:28:31,939 INFO o.a.j.s.FileServer: Default base='C:\Users\2000364\Documents\r4j-demo\spring-petclinic'
2020-04-16 12:28:32,453 INFO o.a.j.s.SampleResult: Note: Sample TimeStamps are START times
2020-04-16 12:28:32,454 INFO o.a.j.s.SampleResult: sampleresult.default.encoding is set to ISO-8859-1
2020-04-16 12:28:32,454 INFO o.a.j.s.SampleResult: sampleresult.useNanoTime=true
2020-04-16 12:28:32,454 INFO o.a.j.s.SampleResult: sampleresult.nanoThreadSleep=5000
2020-04-16 12:29:41,823 INFO o.a.j.g.a.Load: Loading file: C:\Users\2000364\Documents\jmeter-scripts\View Results Tree.jmx
2020-04-16 12:29:41,823 INFO o.a.j.s.FileServer: Set new base='C:\Users\2000364\Documents\jmeter-scripts'
2020-04-16 12:29:42,038 INFO o.a.j.s.SaveService: Testplan (JMX) version: 2.2. Testlog (JTL) version: 2.2
2020-04-16 12:29:42,050 INFO o.a.j.s.SaveService: Using SaveService properties file encoding UTF-8
2020-04-16 12:29:42,051 INFO o.a.j.s.SaveService: Using SaveService properties version 5.0
2020-04-16 12:29:42,053 INFO o.a.j.s.SaveService: Loading file: C:\Users\2000364\Documents\jmeter-scripts\View Results Tree.jmx
2020-04-16 12:29:42,137 INFO o.a.j.s.FileServer: Set new base='C:\Users\2000364\Documents\jmeter-scripts'
2020-04-16 12:29:51,973 INFO o.a.j.e.StandardJMeterEngine: Running the test!
2020-04-16 12:29:51,974 INFO o.a.j.s.SampleEvent: List of sample_variables: []
2020-04-16 12:29:51,975 INFO o.a.j.s.SampleEvent: List of sample_variables: []
2020-04-16 12:29:51,976 INFO o.a.j.e.u.CompoundVariable: Note: Function class names must contain the string: '.functions.'
2020-04-16 12:29:51,976 INFO o.a.j.e.u.CompoundVariable: Note: Function class names must not contain the string: '.gui.'
2020-04-16 12:29:52,266 INFO o.a.j.g.u.JMeterMenuBar: setRunning(true, *local*)
2020-04-16 12:29:52,386 INFO o.a.j.e.StandardJMeterEngine: Starting ThreadGroup: 1 : Thread Group
2020-04-16 12:29:52,387 INFO o.a.j.e.StandardJMeterEngine: Starting 1 threads for group Thread Group.
2020-04-16 12:29:52,387 INFO o.a.j.e.StandardJMeterEngine: Thread will continue on error
2020-04-16 12:29:52,387 INFO o.a.j.t.ThreadGroup: Starting thread group... number=1 threads=1 ramp-up=1 delayedStart=false
2020-04-16 12:29:52,391 INFO o.a.j.t.ThreadGroup: Started thread group number 1
2020-04-16 12:29:52,392 INFO o.a.j.e.StandardJMeterEngine: All thread groups have been started
2020-04-16 12:29:52,393 INFO o.a.j.t.JMeterThread: Thread started: Thread Group 1-1
2020-04-16 12:29:52,412 INFO o.a.j.p.h.s.HTTPHCAbstractImpl: Local host = LTUS116581
2020-04-16 12:29:52,422 INFO o.a.j.p.h.s.HTTPHC4Impl: HTTP request retry count = 0
2020-04-16 12:30:28,367 INFO o.a.j.g.a.Start: Stopping test
2020-04-16 12:30:28,380 INFO o.a.j.t.JMeterThread: Stopping: Thread Group 1-1
2020-04-16 12:30:28,381 WARN o.a.j.t.JMeterThread: Interrupting: Thread Group 1-1 sampler: gateway
2020-04-16 12:30:28,393 INFO o.a.j.t.JMeterThread: Thread finished: Thread Group 1-1
2020-04-16 12:30:28,394 INFO o.a.j.e.StandardJMeterEngine: Notifying test listeners of end of test
2020-04-16 12:30:28,395 INFO o.a.j.g.u.JMeterMenuBar: setRunning(false, *local*)
2020-04-16 12:31:50,870 INFO o.a.j.e.StandardJMeterEngine: Running the test!
2020-04-16 12:31:50,870 INFO o.a.j.s.SampleEvent: List of sample_variables: []
2020-04-16 12:31:50,872 INFO o.a.j.g.u.JMeterMenuBar: setRunning(true, *local*)
2020-04-16 12:31:50,878 INFO o.a.j.e.StandardJMeterEngine: Starting ThreadGroup: 1 : Thread Group
2020-04-16 12:31:50,892 INFO o.a.j.e.StandardJMeterEngine: Starting 1 threads for group Thread Group.
2020-04-16 12:31:50,894 INFO o.a.j.e.StandardJMeterEngine: Thread will continue on error
2020-04-16 12:31:50,895 INFO o.a.j.t.ThreadGroup: Starting thread group... number=1 threads=1 ramp-up=1 delayedStart=false
2020-04-16 12:31:50,896 INFO o.a.j.t.ThreadGroup: Started thread group number 1
2020-04-16 12:31:50,896 INFO o.a.j.e.StandardJMeterEngine: All thread groups have been started
2020-04-16 12:31:50,897 INFO o.a.j.t.JMeterThread: Thread started: Thread Group 1-1
2020-04-16 12:32:28,124 INFO o.a.j.g.a.Start: Stopping test
2020-04-16 12:32:28,129 INFO o.a.j.t.JMeterThread: Stopping: Thread Group 1-1
2020-04-16 12:32:28,130 WARN o.a.j.t.JMeterThread: Interrupting: Thread Group 1-1 sampler: gateway
2020-04-16 12:32:28,132 INFO o.a.j.t.JMeterThread: Thread finished: Thread Group 1-1
2020-04-16 12:32:28,132 INFO o.a.j.e.StandardJMeterEngine: Notifying test listeners of end of test
2020-04-16 12:32:28,133 INFO o.a.j.g.u.JMeterMenuBar: setRunning(false, *local*)
